warning: feature feature1 was passed, but that is not a feature supported by  supports.
warning: feature feature2 was passed, but that is not a feature supported by  supports.
Fetching registry information from https://github.com/Microsoft/vcpkg (HEAD)...
Fetching registry information from https://github.com/Ecos-platform/vcpkg-registry (HEAD)...
Detecting compiler hash for triplet x64-windows...
Detecting compiler hash for triplet x86-windows...
The following packages will be built and installed:
  * egl-registry[core]:x86-windows -> 2022-09-20 -- C:\Users\sijoj\AppData\Local\vcpkg\registries\git-trees\e596b6c29ad16da764aab6f2fef830a3a884f14b
  * glad[core,loader]:x86-windows -> 0.1.36 -- C:\Users\sijoj\AppData\Local\vcpkg\registries\git-trees\fa93b14c1581057e1d14650f5f15c9b0757dd548
  * glfw3[core]:x86-windows -> 3.3.8#2 -- C:\Users\sijoj\AppData\Local\vcpkg\registries\git-trees\308cd3ebdf6752e9d5eeb2933f33972c784aa8bd
    imgui[core,glfw-binding,opengl3-binding]:x86-windows -> 1.89.2 -- C:\Users\sijoj\AppData\Local\vcpkg\registries\git-trees\b1a7fdb074aed731c5c8ef09b369547e6371ac03
  * opengl-registry[core]:x86-windows -> 2022-09-29 -- C:\Users\sijoj\AppData\Local\vcpkg\registries\git-trees\3456b7358048ad983b423973eca86e19d7939bd4
  * stb[core]:x86-windows -> 2022-09-09 -- C:\Users\sijoj\AppData\Local\vcpkg\registries\git-trees\259df7e67a205697472aa4a3ff0326ac6fa60aa2
    threepp[core]:x86-windows -> 2023-03-01 -- C:\Users\sijoj\AppData\Local\vcpkg\registries\git-trees\ba633bf2b1e8c5f4599dfee3c87bf3525379e8bf
  * vcpkg-cmake[core]:x64-windows -> 2022-12-22 -- C:\Users\sijoj\AppData\Local\vcpkg\registries\git-trees\1913f86defd2140d0a6751be2d51952e4090efa4
  * vcpkg-cmake-config[core]:x64-windows -> 2022-02-06#1 -- C:\Users\sijoj\AppData\Local\vcpkg\registries\git-trees\8d54cc4f487d51b655abec5f9c9c3f86ca83311f
Additional packages (*) will be modified to complete this operation.
Restored 8 package(s) from C:\Users\sijoj\AppData\Local\vcpkg\archives in 712.9 ms. Use --debug to see more details.
Installing 1/9 vcpkg-cmake-config:x64-windows...
Elapsed time to handle vcpkg-cmake-config:x64-windows: 15.68 ms
Installing 2/9 vcpkg-cmake:x64-windows...
Elapsed time to handle vcpkg-cmake:x64-windows: 194.6 ms
Installing 3/9 glfw3:x86-windows...
Elapsed time to handle glfw3:x86-windows: 134.2 ms
Installing 4/9 imgui:x86-windows...
Elapsed time to handle imgui:x86-windows: 136.3 ms
Installing 5/9 stb:x86-windows...
Elapsed time to handle stb:x86-windows: 143.9 ms
Installing 6/9 egl-registry:x86-windows...
Elapsed time to handle egl-registry:x86-windows: 61.75 ms
Installing 7/9 opengl-registry:x86-windows...
Elapsed time to handle opengl-registry:x86-windows: 219.6 ms
Installing 8/9 glad:x86-windows...
Elapsed time to handle glad:x86-windows: 86.62 ms
Installing 9/9 threepp:x86-windows...
Building threepp[core]:x86-windows...
-- Installing port from location: C:\Users\sijoj\AppData\Local\vcpkg\registries\git-trees\ba633bf2b1e8c5f4599dfee3c87bf3525379e8bf
-- Downloading https://github.com/markaren/threepp/archive/07e0ed9b3522a0bb68e2850db5c194b3d18cf87b.tar.gz -> markaren-threepp-07e0ed9b3522a0bb68e2850db5c194b3d18cf87b.tar.gz...
-- Extracting source C:/Users/sijoj/CLionProjects/vcpkg/downloads/markaren-threepp-07e0ed9b3522a0bb68e2850db5c194b3d18cf87b.tar.gz
-- Using source at C:/Users/sijoj/CLionProjects/vcpkg/buildtrees/threepp/src/b3d18cf87b-0b8431cb82.clean
-- Using cached vallentin-glText-8200fa70e32acec0a3cd777d404f41ee0c203ca4.tar.gz.
-- Cleaning sources at C:/Users/sijoj/CLionProjects/vcpkg/buildtrees/threepp/src/ee0c203ca4-4c0a13da5e.clean. Use --editable to skip cleaning for the packages you specify.
-- Extracting source C:/Users/sijoj/CLionProjects/vcpkg/downloads/vallentin-glText-8200fa70e32acec0a3cd777d404f41ee0c203ca4.tar.gz
-- Using source at C:/Users/sijoj/CLionProjects/vcpkg/buildtrees/threepp/src/ee0c203ca4-4c0a13da5e.clean
-- Found external ninja('1.11.0').
-- Configuring x86-windows
-- Building x86-windows-dbg
-- Building x86-windows-rel
-- Installing: C:/Users/sijoj/CLionProjects/vcpkg/packages/threepp_x86-windows/share/threepp/copyright
-- Performing post-build validation
Stored binary cache: "C:\Users\sijoj\AppData\Local\vcpkg\archives\94\94f10b025be5054c71b717a361a502f77864014ebbd709b3dff7f72a19996be2.zip"
Elapsed time to handle threepp:x86-windows: 2.128 min
Total install time: 2.156 min
imgui provides CMake targets:

    # this is heuristically generated, and may not be correct
    find_package(imgui CONFIG REQUIRED)
    target_link_libraries(main PRIVATE imgui::imgui)

threepp provides CMake targets:

    # this is heuristically generated, and may not be correct
    find_package(threepp CONFIG REQUIRED)
    target_link_libraries(main PRIVATE glfw::glfw threepp::threepp)

